<?xml version="1.0" encoding="UTF-8"?>
<!-- Generated by org.testng.reporters.JUnitReportReporter -->
<testsuite hostname="INLN34409070A" failures="0" tests="1" name="com.ReadExcel.ReadExcel" time="0.480" errors="0" timestamp="2021-12-25T11:16:21 IST" skipped="0">
  <testcase classname="com.ReadExcel.ReadExcel" name="readExcel" time="0.480"/>
  <system-out/>
</testsuite> <!-- com.ReadExcel.ReadExcel -->
