<?xml version="1.0" encoding="UTF-8"?>
<!-- Generated by org.testng.reporters.JUnitReportReporter -->
<testsuite hostname="INLN34409070A" failures="0" tests="5" name="ExcelTutorial.ExcelTutorial.ExcelTest" time="0.224" errors="0" timestamp="2021-12-25T12:55:27 IST" skipped="0">
  <testcase classname="ExcelTutorial.ExcelTutorial.ExcelTest" name="testcase2" time="0.033"/>
  <system-out/>
  <testcase classname="ExcelTutorial.ExcelTutorial.ExcelTest" name="testcase1" time="0.001"/>
  <system-out/>
  <testcase classname="ExcelTutorial.ExcelTutorial.ExcelTest" name="testcase3" time="0.001"/>
  <system-out/>
  <testcase classname="ExcelTutorial.ExcelTutorial.ExcelTest" name="testcase4" time="0.041"/>
  <system-out/>
  <testcase classname="ExcelTutorial.ExcelTutorial.ExcelTest" name="testcase5" time="0.148"/>
  <system-out/>
</testsuite> <!-- ExcelTutorial.ExcelTutorial.ExcelTest -->
