<?xml version="1.0" encoding="UTF-8"?>
<!-- Generated by org.testng.reporters.JUnitReportReporter -->
<testsuite hostname="INLN34409070A" failures="0" tests="2" name="ExcelTutorial.ExcelTutorial.Writetest" time="0.698" errors="0" timestamp="2021-12-25T11:46:40 IST" skipped="0">
  <testcase classname="ExcelTutorial.ExcelTutorial.Writetest" name="writetest1" time="0.058"/>
  <system-out/>
  <testcase classname="ExcelTutorial.ExcelTutorial.Writetest" name="writetest" time="0.640"/>
  <system-out/>
</testsuite> <!-- ExcelTutorial.ExcelTutorial.Writetest -->
